02:23:07 **** Incremental Build of configuration Debug for project Task_4 ****
make all 
Building file: ../main.c
Invoking: AVR Compiler
avr-gcc -Wall -g2 -gstabs -O0 -fpack-struct -fshort-enums -ffunction-sections -fdata-sections -std=gnu99 -funsigned-char -funsigned-bitfields -mmcu=atmega32 -DF_CPU=16000000UL -MMD -MP -MF"main.d" -MT"main.o" -c -o "main.o" "../main.c"
In file included from ../main.c:9:
c:/winavr-20100110/lib/gcc/../../avr/include/util/delay.h:90:3: warning: #warning "Compiler optimizations disabled; functions from <util/delay.h> won't work as designed"
Finished building: ../main.c
 
Building target: Task_4.elf
Invoking: AVR C Linker
avr-gcc -Wl,-Map,Task_4.map -mmcu=atmega32 -o "Task_4.elf"  ./main.o   
Finished building target: Task_4.elf
 
Invoking: AVR Create Extended Listing
avr-objdump -h -S Task_4.elf  >"Task_4.lss"
Finished building: Task_4.lss
 
Create Flash image (ihex format)
avr-objcopy -R .eeprom -R .fuse -R .lock -R .signature -O ihex Task_4.elf  "Task_4.hex"
Finished building: Task_4.hex
 
Invoking: Print Size
avr-size --format=avr --mcu=atmega32 Task_4.elf
AVR Memory Usage
----------------
Device: atmega32

Program:    5488 bytes (16.7% Full)
(.text + .data + .bootloader)

Data:          8 bytes (0.4% Full)
(.data + .bss + .noinit)


Finished building: sizedummy
 

02:23:11 Build Finished (took 3s.663ms)

